<?xml version="1.0" encoding="UTF-8"?>
<!-- Generated by org.testng.reporters.JUnitReportReporter -->
<testsuite skipped="0" hostname="ehtsham-thinkbook-15-g2-itl" name="tests.SignUpTests" tests="5" failures="0" timestamp="31 Jul 2021 10:46:22 GMT" time="0.010" errors="0">
  <testcase name="personalRegistartion_002" time="0.001" classname="tests.SignUpTests"/>
  <testcase name="personalRegistartion_003" time="0.000" classname="tests.SignUpTests"/>
  <testcase name="personalRegistartion_005" time="0.001" classname="tests.SignUpTests"/>
  <testcase name="personalRegistartion_001" time="0.007" classname="tests.SignUpTests"/>
  <testcase name="personalRegistartion_004" time="0.001" classname="tests.SignUpTests"/>
</testsuite> <!-- tests.SignUpTests -->
