<?xml version="1.0" encoding="UTF-8"?>
<!-- Generated by org.testng.reporters.JUnitReportReporter -->
<testsuite skipped="0" hostname="ehtsham-thinkbook-15-g2-itl" name="tests.PersonalRegistrationTests" tests="1" failures="0" timestamp="06 Aug 2021 09:08:40 GMT" time="18.782" errors="0">
  <testcase name="verifySupportedCountry" time="18.782" classname="tests.PersonalRegistrationTests"/>
</testsuite> <!-- tests.PersonalRegistrationTests -->
