<?xml version="1.0" encoding="UTF-8"?>
<!-- Generated by org.testng.reporters.JUnitReportReporter -->
<testsuite skipped="0" hostname="ehtsham-thinkbook-15-g2-itl" name="tests.RegistrationTests" tests="1" failures="0" timestamp="03 Aug 2021 13:41:09 GMT" time="18.454" errors="0">
  <testcase name="personalRegistrationTest" time="18.454" classname="tests.RegistrationTests"/>
</testsuite> <!-- tests.RegistrationTests -->
