<?xml version="1.0" encoding="UTF-8"?>
<!-- Generated by org.testng.reporters.JUnitReportReporter -->
<testsuite skipped="0" hostname="ehtsham-thinkbook-15-g2-itl" name="tests.BaseClass" tests="1" failures="0" timestamp="31 Jul 2021 09:22:54 GMT" time="0.003" errors="0">
  <testcase name="testAppium" time="0.003" classname="tests.BaseClass"/>
</testsuite> <!-- tests.BaseClass -->
