<?xml version="1.0" encoding="UTF-8"?>
<!-- Generated by org.testng.reporters.JUnitReportReporter -->
<testsuite skipped="0" hostname="ehtsham-thinkbook-15-g2-itl" name="tests.PersonalRegistrationTests" tests="1" failures="0" timestamp="05 Aug 2021 14:03:08 GMT" time="18.227" errors="0">
  <testcase name="verifySupportedCountry" time="18.227" classname="tests.PersonalRegistrationTests"/>
</testsuite> <!-- tests.PersonalRegistrationTests -->
