<?xml version="1.0" encoding="UTF-8"?>
<!-- Generated by org.testng.reporters.JUnitReportReporter -->
<testsuite skipped="0" hostname="DESKTOP-TN32DBR" name="tests.PersonalRegistrationTests" tests="1" failures="0" timestamp="09 Aug 2021 11:15:10 GMT" time="17.637" errors="0">
  <testcase name="verifySupportedCountry" time="17.637" classname="tests.PersonalRegistrationTests"/>
</testsuite> <!-- tests.PersonalRegistrationTests -->
