<?xml version="1.0" encoding="UTF-8"?>
<!-- Generated by org.testng.reporters.JUnitReportReporter -->
<testsuite skipped="0" hostname="ehtsham-thinkbook-15-g2-itl" name="tests.SignUpTests" tests="2" failures="0" timestamp="02 Aug 2021 03:25:29 GMT" time="0.006" errors="0">
  <testcase name="personalRegistartion_002" time="0.001" classname="tests.SignUpTests"/>
  <testcase name="personalRegistartion_001" time="0.005" classname="tests.SignUpTests"/>
</testsuite> <!-- tests.SignUpTests -->
